<?xml version="1.0" encoding="UTF-8"?>
<!-- Generated by org.testng.reporters.JUnitXMLReporter -->
<testsuite hostname="MSI" ignored="0" name="Default test" tests="3" failures="0" timestamp="10 Oct 2021 08:58:43 GMT" time="23.749" errors="0">
  <testcase name="TC_01_Amazon" time="6.733" classname="excercise01.Excercise01"/>
  <testcase name="TC_01_Amazon" time="5.9" classname="excercise01.Excercise01"/>
  <testcase name="TC_01_Amazon" time="5.742" classname="excercise01.Excercise01"/>
</testsuite> <!-- Default test -->
