<?xml version="1.0" encoding="UTF-8"?>
<testng-results skipped="0" failed="0" ignored="0" total="3" passed="3">
  <reporter-output>
  </reporter-output>
  <suite name="Default suite" duration-ms="23749" started-at="2021-10-10T08:58:19Z" finished-at="2021-10-10T08:58:43Z">
    <groups>
    </groups>
    <test name="Default test" duration-ms="23749" started-at="2021-10-10T08:58:19Z" finished-at="2021-10-10T08:58:43Z">
      <class name="excercise01.Excercise01">
        <test-method status="PASS" signature="beforeClass()[pri:0, instance:excercise01.Excercise01@1bce4f0a]" name="beforeClass" is-config="true" duration-ms="4249" started-at="2021-10-10T08:58:19Z" finished-at="2021-10-10T08:58:23Z">
          <reporter-output>
          </reporter-output>
        </test-method> <!-- beforeClass -->
        <test-method status="PASS" signature="TC_01_Amazon(java.lang.String, java.lang.String)[pri:0, instance:excercise01.Excercise01@1bce4f0a]" name="TC_01_Amazon" duration-ms="6733" started-at="2021-10-10T08:58:24Z" data-provider="amazon" finished-at="2021-10-10T08:58:30Z">
          <params>
            <param index="0">
              <value>
                <![CDATA[Selenium]]>
              </value>
            </param>
            <param index="1">
              <value>
                <![CDATA[Selenium Framework Design in Data-Driven Testing: Build data-driven test frameworks using Selenium WebDriver, AppiumDriver, Java, and TestNG]]>
              </value>
            </param>
          </params>
          <reporter-output>
          </reporter-output>
        </test-method> <!-- TC_01_Amazon -->
        <test-method status="PASS" signature="TC_01_Amazon(java.lang.String, java.lang.String)[pri:0, instance:excercise01.Excercise01@1bce4f0a]" name="TC_01_Amazon" duration-ms="5900" started-at="2021-10-10T08:58:30Z" data-provider="amazon" finished-at="2021-10-10T08:58:36Z">
          <params>
            <param index="0">
              <value>
                <![CDATA[Java]]>
              </value>
            </param>
            <param index="1">
              <value>
                <![CDATA[Effective Java]]>
              </value>
            </param>
          </params>
          <reporter-output>
          </reporter-output>
        </test-method> <!-- TC_01_Amazon -->
        <test-method status="PASS" signature="TC_01_Amazon(java.lang.String, java.lang.String)[pri:0, instance:excercise01.Excercise01@1bce4f0a]" name="TC_01_Amazon" duration-ms="5742" started-at="2021-10-10T08:58:36Z" data-provider="amazon" finished-at="2021-10-10T08:58:42Z">
          <params>
            <param index="0">
              <value>
                <![CDATA[Appium]]>
              </value>
            </param>
            <param index="1">
              <value>
                <![CDATA[Appium Recipes]]>
              </value>
            </param>
          </params>
          <reporter-output>
          </reporter-output>
        </test-method> <!-- TC_01_Amazon -->
        <test-method status="PASS" signature="afterClass()[pri:0, instance:excercise01.Excercise01@1bce4f0a]" name="afterClass" is-config="true" duration-ms="712" started-at="2021-10-10T08:58:42Z" finished-at="2021-10-10T08:58:43Z">
          <reporter-output>
          </reporter-output>
        </test-method> <!-- afterClass -->
      </class> <!-- excercise01.Excercise01 -->
    </test> <!-- Default test -->
  </suite> <!-- Default suite -->
</testng-results>
